# JRE version: Java(TM) SE Runtime Environment (8.0_144-b01) (build 1.8.0_144-b01)
# Java VM: Java HotSpot(TM) 64-Bit Server VM (25.144-b01 mixed mode bsd-amd64 compressed oops)
Heap:
 PSYoungGen      total 33792K, used 1493K [0x0000000795580000, 0x0000000798a00000, 0x00000007c0000000)
  eden space 27136K, 5% used [0x0000000795580000,0x00000007956f55b8,0x0000000797000000)
  from space 6656K, 0% used [0x0000000797080000,0x0000000797080000,0x0000000797700000)
  to   space 13312K, 0% used [0x0000000797d00000,0x0000000797d00000,0x0000000798a00000)
 ParOldGen       total 48640K, used 7190K [0x0000000740000000, 0x0000000742f80000, 0x0000000795580000)
  object space 48640K, 14% used [0x0000000740000000,0x00000007407058f0,0x0000000742f80000)
 Metaspace       used 18612K, capacity 21218K, committed 21552K, reserved 1069056K
  class space    used 2243K, capacity 2473K, committed 2560K, reserved 1048576K
GC Heap History (10 events):
Event: 49457.803 GC heap before
{Heap before GC invocations=12 (full 0):
 PSYoungGen      total 38400K, used 38112K [0x0000000795580000, 0x0000000798d00000, 0x00000007c0000000)
  eden space 29184K, 100% used [0x0000000795580000,0x0000000797200000,0x0000000797200000)
  from space 9216K, 96% used [0x0000000797280000,0x0000000797b38168,0x0000000797b80000)
  to   space 13824K, 0% used [0x0000000797f80000,0x0000000797f80000,0x0000000798d00000)
 ParOldGen       total 87552K, used 19358K [0x0000000740000000, 0x0000000745580000, 0x0000000795580000)
  object space 87552K, 22% used [0x0000000740000000,0x00000007412e7b10,0x0000000745580000)
 Metaspace       used 18423K, capacity 20906K, committed 21248K, reserved 1069056K
  class space    used 2230K, capacity 2462K, committed 2560K, reserved 1048576K
Event: 49457.834 GC heap after
Heap after GC invocations=12 (full 0):
 PSYoungGen      total 40960K, used 8679K [0x0000000795580000, 0x0000000798b80000, 0x00000007c0000000)
  eden space 28672K, 0% used [0x0000000795580000,0x0000000795580000,0x0000000797180000)
  from space 12288K, 70% used [0x0000000797f80000,0x00000007987f9c88,0x0000000798b80000)
  to   space 13312K, 0% used [0x0000000797180000,0x0000000797180000,0x0000000797e80000)
 ParOldGen       total 87552K, used 24249K [0x0000000740000000, 0x0000000745580000, 0x0000000795580000)
  object space 87552K, 27% used [0x0000000740000000,0x00000007417ae5b8,0x0000000745580000)
 Metaspace       used 18423K, capacity 20906K, committed 21248K, reserved 1069056K
  class space    used 2230K, capacity 2462K, committed 2560K, reserved 1048576K
}
Event: 87106.979 GC heap before
{Heap before GC invocations=13 (full 0):
 PSYoungGen      total 40960K, used 37351K [0x0000000795580000, 0x0000000798b80000, 0x00000007c0000000)
  eden space 28672K, 100% used [0x0000000795580000,0x0000000797180000,0x0000000797180000)
  from space 12288K, 70% used [0x0000000797f80000,0x00000007987f9c88,0x0000000798b80000)
  to   space 13312K, 0% used [0x0000000797180000,0x0000000797180000,0x0000000797e80000)
 ParOldGen       total 87552K, used 24249K [0x0000000740000000, 0x0000000745580000, 0x0000000795580000)
  object space 87552K, 27% used [0x0000000740000000,0x00000007417ae5b8,0x0000000745580000)
 Metaspace       used 18480K, capacity 20990K, committed 21248K, reserved 1069056K
  class space    used 2234K, capacity 2466K, committed 2560K, reserved 1048576K
Event: 87107.194 GC heap after
Heap after GC invocations=13 (full 0):
 PSYoungGen      total 32768K, used 4153K [0x0000000795580000, 0x0000000798b00000, 0x00000007c0000000)
  eden space 28160K, 0% used [0x0000000795580000,0x0000000795580000,0x0000000797100000)
  from space 4608K, 90% used [0x0000000797180000,0x000000079758e740,0x0000000797600000)
  to   space 13312K, 0% used [0x0000000797e00000,0x0000000797e00000,0x0000000798b00000)
 ParOldGen       total 87552K, used 32340K [0x0000000740000000, 0x0000000745580000, 0x0000000795580000)
  object space 87552K, 36% used [0x0000000740000000,0x0000000741f95290,0x0000000745580000)
 Metaspace       used 18480K, capacity 20990K, committed 21248K, reserved 1069056K
  class space    used 2234K, capacity 2466K, committed 2560K, reserved 1048576K
}
Event: 94388.811 GC heap before
{Heap before GC invocations=14 (full 0):
 PSYoungGen      total 32768K, used 32313K [0x0000000795580000, 0x0000000798b00000, 0x00000007c0000000)
  eden space 28160K, 99% used [0x0000000795580000,0x00000007970fffe8,0x0000000797100000)
  from space 4608K, 90% used [0x0000000797180000,0x000000079758e740,0x0000000797600000)
  to   space 13312K, 0% used [0x0000000797e00000,0x0000000797e00000,0x0000000798b00000)
 ParOldGen       total 87552K, used 32340K [0x0000000740000000, 0x0000000745580000, 0x0000000795580000)
  object space 87552K, 36% used [0x0000000740000000,0x0000000741f95290,0x0000000745580000)
 Metaspace       used 18570K, capacity 21142K, committed 21248K, reserved 1069056K
  class space    used 2241K, capacity 2474K, committed 2560K, reserved 1048576K
Event: 94388.848 GC heap after
Heap after GC invocations=14 (full 0):
 PSYoungGen      total 40960K, used 9470K [0x0000000795580000, 0x0000000798b80000, 0x00000007c0000000)
  eden space 27648K, 0% used [0x0000000795580000,0x0000000795580000,0x0000000797080000)
  from space 13312K, 71% used [0x0000000797e00000,0x000000079873f920,0x0000000798b00000)
  to   space 13824K, 0% used [0x0000000797080000,0x0000000797080000,0x0000000797e00000)
 ParOldGen       total 87552K, used 33726K [0x0000000740000000, 0x0000000745580000, 0x0000000795580000)
  object space 87552K, 38% used [0x0000000740000000,0x00000007420ef890,0x0000000745580000)
 Metaspace       used 18570K, capacity 21142K, committed 21248K, reserved 1069056K
  class space    used 2241K, capacity 2474K, committed 2560K, reserved 1048576K
}
Event: 116464.133 GC heap before
{Heap before GC invocations=15 (full 0):
 PSYoungGen      total 40960K, used 35469K [0x0000000795580000, 0x0000000798b80000, 0x00000007c0000000)
  eden space 27648K, 94% used [0x0000000795580000,0x0000000796ee3ae8,0x0000000797080000)
  from space 13312K, 71% used [0x0000000797e00000,0x000000079873f920,0x0000000798b00000)
  to   space 13824K, 0% used [0x0000000797080000,0x0000000797080000,0x0000000797e00000)
 ParOldGen       total 87552K, used 33726K [0x0000000740000000, 0x0000000745580000, 0x0000000795580000)
  object space 87552K, 38% used [0x0000000740000000,0x00000007420ef890,0x0000000745580000)
 Metaspace       used 18621K, capacity 21170K, committed 21296K, reserved 1069056K
  class space    used 2245K, capacity 2478K, committed 2560K, reserved 1048576K
Event: 116464.243 GC heap after
Heap after GC invocations=15 (full 0):
 PSYoungGen      total 33792K, used 6635K [0x0000000795580000, 0x0000000798a00000, 0x00000007c0000000)
  eden space 27136K, 0% used [0x0000000795580000,0x0000000795580000,0x0000000797000000)
  from space 6656K, 99% used [0x0000000797080000,0x00000007976faff0,0x0000000797700000)
  to   space 13312K, 0% used [0x0000000797d00000,0x0000000797d00000,0x0000000798a00000)
 ParOldGen       total 87552K, used 38597K [0x0000000740000000, 0x0000000745580000, 0x0000000795580000)
  object space 87552K, 44% used [0x0000000740000000,0x00000007425b1638,0x0000000745580000)
 Metaspace       used 18621K, capacity 21170K, committed 21296K, reserved 1069056K
  class space    used 2245K, capacity 2478K, committed 2560K, reserved 1048576K
}
Event: 116464.245 GC heap before
{Heap before GC invocations=16 (full 1):
 PSYoungGen      total 33792K, used 6635K [0x0000000795580000, 0x0000000798a00000, 0x00000007c0000000)
  eden space 27136K, 0% used [0x0000000795580000,0x0000000795580000,0x0000000797000000)
  from space 6656K, 99% used [0x0000000797080000,0x00000007976faff0,0x0000000797700000)
  to   space 13312K, 0% used [0x0000000797d00000,0x0000000797d00000,0x0000000798a00000)
 ParOldGen       total 87552K, used 38597K [0x0000000740000000, 0x0000000745580000, 0x0000000795580000)
  object space 87552K, 44% used [0x0000000740000000,0x00000007425b1638,0x0000000745580000)
 Metaspace       used 18621K, capacity 21170K, committed 21296K, reserved 1069056K
  class space    used 2245K, capacity 2478K, committed 2560K, reserved 1048576K
Event: 116465.022 GC heap after
Heap after GC invocations=16 (full 1):
 PSYoungGen      total 33792K, used 0K [0x0000000795580000, 0x0000000798a00000, 0x00000007c0000000)
  eden space 27136K, 0% used [0x0000000795580000,0x0000000795580000,0x0000000797000000)
  from space 6656K, 0% used [0x0000000797080000,0x0000000797080000,0x0000000797700000)
  to   space 13312K, 0% used [0x0000000797d00000,0x0000000797d00000,0x0000000798a00000)
 ParOldGen       total 48640K, used 7190K [0x0000000740000000, 0x0000000742f80000, 0x0000000795580000)
  object space 48640K, 14% used [0x0000000740000000,0x00000007407058f0,0x0000000742f80000)
 Metaspace       used 18610K, capacity 21152K, committed 21296K, reserved 1069056K
  class space    used 2242K, capacity 2471K, committed 2560K, reserved 1048576K
}

